<?xml version="1.0" encoding="UTF-8"?>
<!-- Generated by org.testng.reporters.JUnitXMLReporter -->
<testsuite ignored="6" hostname="Priyanka" failures="2" tests="6" name="Test" time="16.109" errors="0" timestamp="2026-04-19T12:21:05 EDT">
  <testcase classname="internetheroukapp.DropDownTest" name="validateDropDownActionsTestByText" time="0.444"/>
  <testcase classname="internetheroukapp.DropDownTest" name="validateDropDownActionsTestByValue" time="0.41"/>
  <testcase classname="internetheroukapp.DropDownTest" name="validateDropDownFailTestByVlalue" time="0.292">
    <failure type="org.openqa.selenium.NoSuchElementException" message="Cannot locate option with index: 3
For documentation on this error, please visit: https://www.selenium.dev/documentation/webdriver/troubleshooting/errors#nosuchelementexception
Build info: version: &amp;apos;4.40.0&amp;apos;, revision: &amp;apos;b3333f1&amp;apos;
System info: os.name: &amp;apos;Windows 11&amp;apos;, os.arch: &amp;apos;amd64&amp;apos;, os.version: &amp;apos;10.0&amp;apos;, java.version: &amp;apos;17.0.3&amp;apos;
Driver info: driver.version: unknown">
      <![CDATA[org.openqa.selenium.NoSuchElementException: Cannot locate option with index: 3
For documentation on this error, please visit: https://www.selenium.dev/documentation/webdriver/troubleshooting/errors#nosuchelementexception
Build info: version: '4.40.0', revision: 'b3333f1'
System info: os.name: 'Windows 11', os.arch: 'amd64', os.version: '10.0', java.version: '17.0.3'
Driver info: driver.version: unknown
at org.openqa.selenium.support.ui.Select.setSelectedByIndex(Select.java:321)
at org.openqa.selenium.support.ui.Select.selectByIndex(Select.java:176)
at util.UserInterfaceActionsUtils.selectDropDownByIndex(UserInterfaceActionsUtils.java:45)
at pageclasses.DropDownTitlePage.selectDropDownOptionsByValue(DropDownTitlePage.java:28)
at internetheroukapp.DropDownTest.validateDropDownFailTestByVlalue(DropDownTest.java:58)
at java.base/java.util.ArrayList.forEach(ArrayList.java:1511)
... Removed 27 stack frames]]>
    </failure>
  </testcase> <!-- validateDropDownFailTestByVlalue -->
  <testcase classname="internetheroukapp.JavaScriptOptionsTest" name="verifyJavaScriptSuccessTest" time="0.613"/>
  <testcase classname="internetheroukapp.FormAuthTest" name="loginFailTest" time="0.855">
    <failure type="java.lang.AssertionError" message="expected [true] but found [false]">
      <![CDATA[java.lang.AssertionError: expected [true] but found [false]
at internetheroukapp.FormAuthTest.loginFailTest(FormAuthTest.java:77)
at java.base/java.util.ArrayList.forEach(ArrayList.java:1511)
... Removed 31 stack frames]]>
    </failure>
  </testcase> <!-- loginFailTest -->
  <testcase classname="internetheroukapp.FormAuthTest" name="loginSuccessTest" time="0.754"/>
  <testcase classname="internetheroukapp.BaseTest" name="@BeforeSuite initialise" time="0.0">
    <ignored/>
  </testcase> <!-- @BeforeSuite initialise -->
  <testcase classname="internetheroukapp.BaseTest" name="@BeforeSuite initialise" time="0.0">
    <ignored/>
  </testcase> <!-- @BeforeSuite initialise -->
  <testcase classname="internetheroukapp.BaseTest" name="@AfterSuite flushReport" time="0.0">
    <ignored/>
  </testcase> <!-- @AfterSuite flushReport -->
  <testcase classname="internetheroukapp.BaseTest" name="@BeforeSuite initialise" time="0.0">
    <ignored/>
  </testcase> <!-- @BeforeSuite initialise -->
  <testcase classname="internetheroukapp.BaseTest" name="@AfterSuite flushReport" time="0.0">
    <ignored/>
  </testcase> <!-- @AfterSuite flushReport -->
  <testcase classname="internetheroukapp.BaseTest" name="@AfterSuite flushReport" time="0.0">
    <ignored/>
  </testcase> <!-- @AfterSuite flushReport -->
</testsuite> <!-- Test -->
