<?xml version="1.0" encoding="UTF-8"?>
<!-- Generated by org.testng.reporters.JUnitReportReporter -->
<testsuite hostname="Priyanka" failures="0" tests="4" name="testNG.TableTests" time="7.938" errors="0" timestamp="2026-04-06T15:50:29 EDT" skipped="0">
  <testcase classname="testNG.TableTests" name="minRequirementTest" time="1.682"/>
  <testcase classname="testNG.TableTests" name="verifyNoMatch" time="1.757"/>
  <testcase classname="testNG.TableTests" name="levelCheckTest" time="1.773"/>
  <testcase classname="testNG.TableTests" name="verifyLanguageFieldTest" time="2.726"/>
</testsuite> <!-- testNG.TableTests -->
