<?xml version="1.0" encoding="UTF-8"?>
<!-- Generated by org.testng.reporters.JUnitReportReporter -->
<testsuite hostname="Priyanka" failures="0" tests="4" name="testNG.TableTests" time="4.831" errors="0" timestamp="2026-04-07T16:53:50 EDT" skipped="0">
  <testcase classname="testNG.TableTests" name="beginnerTest" time="3.300"/>
  <testcase classname="testNG.TableTests" name="minValuetest" time="0.799"/>
  <testcase classname="testNG.TableTests" name="verifyNoMatch" time="0.392"/>
  <testcase classname="testNG.TableTests" name="languageFilterTest" time="0.340"/>
</testsuite> <!-- testNG.TableTests -->
